[debug] [2026-06-12T12:02:28.118Z] ----------------------------------------------------------------------
[debug] [2026-06-12T12:02:28.122Z] Command:       C:\Program Files\nodejs\node.exe C:\Users\Admin\AppData\Roaming\npm\node_modules\firebase-tools\lib\bin\firebase.js init
[debug] [2026-06-12T12:02:28.123Z] CLI Version:   13.35.1
[debug] [2026-06-12T12:02:28.123Z] Platform:      win32
[debug] [2026-06-12T12:02:28.124Z] Node Version:  v18.20.8
[debug] [2026-06-12T12:02:28.126Z] Time:          Fri Jun 12 2026 19:02:28 GMT+0700 (GMT+07:00)
[debug] [2026-06-12T12:02:28.126Z] ----------------------------------------------------------------------
[debug] 
[debug] [2026-06-12T12:02:28.139Z] > command requires scopes: ["email","openid","https://www.googleapis.com/auth/cloudplatformprojects.readonly","https://www.googleapis.com/auth/firebase","https://www.googleapis.com/auth/cloud-platform"]
[debug] [2026-06-12T12:02:28.140Z] > authorizing via signed-in user (letinhvan112@gmail.com)
[info] 
     ######## #### ########  ######## ########     ###     ######  ########
     ##        ##  ##     ## ##       ##     ##  ##   ##  ##       ##
     ######    ##  ########  ######   ########  #########  ######  ######
     ##        ##  ##    ##  ##       ##     ## ##     ##       ## ##
     ##       #### ##     ## ######## ########  ##     ##  ######  ########

You're about to initialize a Firebase project in this directory:

  D:\MyDTU\Backend

[info] 
=== Project Setup
[info] 
[info] First, let's associate this project directory with a Firebase project.
[info] You can create multiple project aliases by running firebase use --add, 
[info] but for now we'll just set up a default project.
[info] 
[debug] [2026-06-12T12:03:04.307Z] Checked if tokens are valid: false, expires at: 1779789033169
[debug] [2026-06-12T12:03:04.308Z] Checked if tokens are valid: false, expires at: 1779789033169
[debug] [2026-06-12T12:03:04.309Z] > refreshing access token with scopes: []
[debug] [2026-06-12T12:03:04.312Z] >>> [apiv2][query] POST https://www.googleapis.com/oauth2/v3/token [none]
[debug] [2026-06-12T12:03:04.312Z] >>> [apiv2][body] POST https://www.googleapis.com/oauth2/v3/token [omitted]
[debug] [2026-06-12T12:03:04.970Z] <<< [apiv2][status] POST https://www.googleapis.com/oauth2/v3/token 200
[debug] [2026-06-12T12:03:04.971Z] <<< [apiv2][body] POST https://www.googleapis.com/oauth2/v3/token [omitted]
[debug] [2026-06-12T12:03:04.988Z] >>> [apiv2][query] GET https://firebase.googleapis.com/v1beta1/projects pageSize=100
[debug] [2026-06-12T12:03:06.686Z] <<< [apiv2][status] GET https://firebase.googleapis.com/v1beta1/projects 200
[debug] [2026-06-12T12:03:06.686Z] <<< [apiv2][body] GET https://firebase.googleapis.com/v1beta1/projects [omitted]
[info] i  Using project vibio-8391c (VIBIO) 
[info] 
=== Dataconnect Setup
[debug] [2026-06-12T12:03:49.156Z] Checked if tokens are valid: true, expires at: 1781269383971
[debug] [2026-06-12T12:03:49.156Z] Checked if tokens are valid: true, expires at: 1781269383971
[debug] [2026-06-12T12:03:49.156Z] >>> [apiv2][query] GET https://cloudbilling.googleapis.com/v1/projects/vibio-8391c/billingInfo [none]
[debug] [2026-06-12T12:03:54.767Z] <<< [apiv2][status] GET https://cloudbilling.googleapis.com/v1/projects/vibio-8391c/billingInfo 200
[debug] [2026-06-12T12:03:54.767Z] <<< [apiv2][body] GET https://cloudbilling.googleapis.com/v1/projects/vibio-8391c/billingInfo {"name":"projects/vibio-8391c/billingInfo","projectId":"vibio-8391c","billingAccountName":"billingAccounts/01218C-795D55-6D3B5A","billingEnabled":true}
[info] i  dataconnect: ensuring required API firebasedataconnect.googleapis.com is enabled... 
[debug] [2026-06-12T12:03:54.769Z] Checked if tokens are valid: true, expires at: 1781269383971
[debug] [2026-06-12T12:03:54.769Z] Checked if tokens are valid: true, expires at: 1781269383971
[debug] [2026-06-12T12:03:54.769Z] >>> [apiv2][query] GET https://serviceusage.googleapis.com/v1/projects/vibio-8391c/services/firebasedataconnect.googleapis.com [none]
[debug] [2026-06-12T12:03:54.769Z] >>> [apiv2][(partial)header] GET https://serviceusage.googleapis.com/v1/projects/vibio-8391c/services/firebasedataconnect.googleapis.com x-goog-quota-user=projects/vibio-8391c
[debug] [2026-06-12T12:03:56.620Z] <<< [apiv2][status] GET https://serviceusage.googleapis.com/v1/projects/vibio-8391c/services/firebasedataconnect.googleapis.com 200
[debug] [2026-06-12T12:03:56.620Z] <<< [apiv2][body] GET https://serviceusage.googleapis.com/v1/projects/vibio-8391c/services/firebasedataconnect.googleapis.com [omitted]
[warn] !  dataconnect: missing required API firebasedataconnect.googleapis.com. Enabling now... 
[debug] [2026-06-12T12:03:56.621Z] Checked if tokens are valid: true, expires at: 1781269383971
[debug] [2026-06-12T12:03:56.621Z] Checked if tokens are valid: true, expires at: 1781269383971
[debug] [2026-06-12T12:03:56.622Z] >>> [apiv2][query] POST https://serviceusage.googleapis.com/v1/projects/vibio-8391c/services/firebasedataconnect.googleapis.com:enable [none]
[debug] [2026-06-12T12:03:56.622Z] >>> [apiv2][(partial)header] POST https://serviceusage.googleapis.com/v1/projects/vibio-8391c/services/firebasedataconnect.googleapis.com:enable x-goog-quota-user=projects/vibio-8391c
[debug] [2026-06-12T12:03:58.369Z] <<< [apiv2][status] POST https://serviceusage.googleapis.com/v1/projects/vibio-8391c/services/firebasedataconnect.googleapis.com:enable 200
[debug] [2026-06-12T12:03:58.370Z] <<< [apiv2][body] POST https://serviceusage.googleapis.com/v1/projects/vibio-8391c/services/firebasedataconnect.googleapis.com:enable [omitted]
[debug] [2026-06-12T12:04:08.385Z] Checked if tokens are valid: true, expires at: 1781269383971
[debug] [2026-06-12T12:04:08.385Z] Checked if tokens are valid: true, expires at: 1781269383971
[debug] [2026-06-12T12:04:08.385Z] >>> [apiv2][query] GET https://serviceusage.googleapis.com/v1/projects/vibio-8391c/services/firebasedataconnect.googleapis.com [none]
[debug] [2026-06-12T12:04:08.385Z] >>> [apiv2][(partial)header] GET https://serviceusage.googleapis.com/v1/projects/vibio-8391c/services/firebasedataconnect.googleapis.com x-goog-quota-user=projects/vibio-8391c
[debug] [2026-06-12T12:04:17.609Z] <<< [apiv2][status] GET https://serviceusage.googleapis.com/v1/projects/vibio-8391c/services/firebasedataconnect.googleapis.com 200
[debug] [2026-06-12T12:04:17.609Z] <<< [apiv2][body] GET https://serviceusage.googleapis.com/v1/projects/vibio-8391c/services/firebasedataconnect.googleapis.com [omitted]
[info] +  dataconnect: required API firebasedataconnect.googleapis.com is enabled 
[info] i  dataconnect: ensuring required API sqladmin.googleapis.com is enabled... 
[debug] [2026-06-12T12:04:17.614Z] Checked if tokens are valid: true, expires at: 1781269383971
[debug] [2026-06-12T12:04:17.614Z] Checked if tokens are valid: true, expires at: 1781269383971
[debug] [2026-06-12T12:04:17.615Z] >>> [apiv2][query] GET https://serviceusage.googleapis.com/v1/projects/vibio-8391c/services/sqladmin.googleapis.com [none]
[debug] [2026-06-12T12:04:17.615Z] >>> [apiv2][(partial)header] GET https://serviceusage.googleapis.com/v1/projects/vibio-8391c/services/sqladmin.googleapis.com x-goog-quota-user=projects/vibio-8391c
[debug] [2026-06-12T12:04:19.360Z] <<< [apiv2][status] GET https://serviceusage.googleapis.com/v1/projects/vibio-8391c/services/sqladmin.googleapis.com 200
[debug] [2026-06-12T12:04:19.360Z] <<< [apiv2][body] GET https://serviceusage.googleapis.com/v1/projects/vibio-8391c/services/sqladmin.googleapis.com [omitted]
[warn] !  dataconnect: missing required API sqladmin.googleapis.com. Enabling now... 
[debug] [2026-06-12T12:04:19.361Z] Checked if tokens are valid: true, expires at: 1781269383971
[debug] [2026-06-12T12:04:19.361Z] Checked if tokens are valid: true, expires at: 1781269383971
[debug] [2026-06-12T12:04:19.361Z] >>> [apiv2][query] POST https://serviceusage.googleapis.com/v1/projects/vibio-8391c/services/sqladmin.googleapis.com:enable [none]
[debug] [2026-06-12T12:04:19.361Z] >>> [apiv2][(partial)header] POST https://serviceusage.googleapis.com/v1/projects/vibio-8391c/services/sqladmin.googleapis.com:enable x-goog-quota-user=projects/vibio-8391c
[debug] [2026-06-12T12:04:21.256Z] <<< [apiv2][status] POST https://serviceusage.googleapis.com/v1/projects/vibio-8391c/services/sqladmin.googleapis.com:enable 200
[debug] [2026-06-12T12:04:21.256Z] <<< [apiv2][body] POST https://serviceusage.googleapis.com/v1/projects/vibio-8391c/services/sqladmin.googleapis.com:enable [omitted]
[debug] [2026-06-12T12:04:31.268Z] Checked if tokens are valid: true, expires at: 1781269383971
[debug] [2026-06-12T12:04:31.268Z] Checked if tokens are valid: true, expires at: 1781269383971
[debug] [2026-06-12T12:04:31.269Z] >>> [apiv2][query] GET https://serviceusage.googleapis.com/v1/projects/vibio-8391c/services/sqladmin.googleapis.com [none]
[debug] [2026-06-12T12:04:31.269Z] >>> [apiv2][(partial)header] GET https://serviceusage.googleapis.com/v1/projects/vibio-8391c/services/sqladmin.googleapis.com x-goog-quota-user=projects/vibio-8391c
[debug] [2026-06-12T12:04:33.006Z] <<< [apiv2][status] GET https://serviceusage.googleapis.com/v1/projects/vibio-8391c/services/sqladmin.googleapis.com 200
[debug] [2026-06-12T12:04:33.006Z] <<< [apiv2][body] GET https://serviceusage.googleapis.com/v1/projects/vibio-8391c/services/sqladmin.googleapis.com [omitted]
[info] +  dataconnect: required API sqladmin.googleapis.com is enabled 
[info] i  dataconnect: ensuring required API compute.googleapis.com is enabled... 
[debug] [2026-06-12T12:04:33.014Z] Checked if tokens are valid: true, expires at: 1781269383971
[debug] [2026-06-12T12:04:33.014Z] Checked if tokens are valid: true, expires at: 1781269383971
[debug] [2026-06-12T12:04:33.014Z] >>> [apiv2][query] GET https://serviceusage.googleapis.com/v1/projects/vibio-8391c/services/compute.googleapis.com [none]
[debug] [2026-06-12T12:04:33.014Z] >>> [apiv2][(partial)header] GET https://serviceusage.googleapis.com/v1/projects/vibio-8391c/services/compute.googleapis.com x-goog-quota-user=projects/vibio-8391c
[debug] [2026-06-12T12:04:35.184Z] <<< [apiv2][status] GET https://serviceusage.googleapis.com/v1/projects/vibio-8391c/services/compute.googleapis.com 200
[debug] [2026-06-12T12:04:35.184Z] <<< [apiv2][body] GET https://serviceusage.googleapis.com/v1/projects/vibio-8391c/services/compute.googleapis.com [omitted]
[warn] !  dataconnect: missing required API compute.googleapis.com. Enabling now... 
[debug] [2026-06-12T12:04:35.185Z] Checked if tokens are valid: true, expires at: 1781269383971
[debug] [2026-06-12T12:04:35.185Z] Checked if tokens are valid: true, expires at: 1781269383971
[debug] [2026-06-12T12:04:35.185Z] >>> [apiv2][query] POST https://serviceusage.googleapis.com/v1/projects/vibio-8391c/services/compute.googleapis.com:enable [none]
[debug] [2026-06-12T12:04:35.185Z] >>> [apiv2][(partial)header] POST https://serviceusage.googleapis.com/v1/projects/vibio-8391c/services/compute.googleapis.com:enable x-goog-quota-user=projects/vibio-8391c
[debug] [2026-06-12T12:04:37.271Z] <<< [apiv2][status] POST https://serviceusage.googleapis.com/v1/projects/vibio-8391c/services/compute.googleapis.com:enable 200
[debug] [2026-06-12T12:04:37.271Z] <<< [apiv2][body] POST https://serviceusage.googleapis.com/v1/projects/vibio-8391c/services/compute.googleapis.com:enable [omitted]
[debug] [2026-06-12T12:04:47.274Z] Checked if tokens are valid: true, expires at: 1781269383971
[debug] [2026-06-12T12:04:47.274Z] Checked if tokens are valid: true, expires at: 1781269383971
[debug] [2026-06-12T12:04:47.275Z] >>> [apiv2][query] GET https://serviceusage.googleapis.com/v1/projects/vibio-8391c/services/compute.googleapis.com [none]
[debug] [2026-06-12T12:04:47.275Z] >>> [apiv2][(partial)header] GET https://serviceusage.googleapis.com/v1/projects/vibio-8391c/services/compute.googleapis.com x-goog-quota-user=projects/vibio-8391c
[debug] [2026-06-12T12:04:51.153Z] <<< [apiv2][status] GET https://serviceusage.googleapis.com/v1/projects/vibio-8391c/services/compute.googleapis.com 200
[debug] [2026-06-12T12:04:51.153Z] <<< [apiv2][body] GET https://serviceusage.googleapis.com/v1/projects/vibio-8391c/services/compute.googleapis.com [omitted]
[info] i  dataconnect: waiting for API compute.googleapis.com to activate... 
[debug] [2026-06-12T12:05:01.169Z] Checked if tokens are valid: true, expires at: 1781269383971
[debug] [2026-06-12T12:05:01.169Z] Checked if tokens are valid: true, expires at: 1781269383971
[debug] [2026-06-12T12:05:01.169Z] >>> [apiv2][query] GET https://serviceusage.googleapis.com/v1/projects/vibio-8391c/services/compute.googleapis.com [none]
[debug] [2026-06-12T12:05:01.170Z] >>> [apiv2][(partial)header] GET https://serviceusage.googleapis.com/v1/projects/vibio-8391c/services/compute.googleapis.com x-goog-quota-user=projects/vibio-8391c
[debug] [2026-06-12T12:05:03.247Z] <<< [apiv2][status] GET https://serviceusage.googleapis.com/v1/projects/vibio-8391c/services/compute.googleapis.com 200
[debug] [2026-06-12T12:05:03.248Z] <<< [apiv2][body] GET https://serviceusage.googleapis.com/v1/projects/vibio-8391c/services/compute.googleapis.com [omitted]
[info] i  dataconnect: waiting for API compute.googleapis.com to activate... 
[debug] [2026-06-12T12:05:13.255Z] Checked if tokens are valid: true, expires at: 1781269383971
[debug] [2026-06-12T12:05:13.256Z] Checked if tokens are valid: true, expires at: 1781269383971
[debug] [2026-06-12T12:05:13.256Z] >>> [apiv2][query] GET https://serviceusage.googleapis.com/v1/projects/vibio-8391c/services/compute.googleapis.com [none]
[debug] [2026-06-12T12:05:13.256Z] >>> [apiv2][(partial)header] GET https://serviceusage.googleapis.com/v1/projects/vibio-8391c/services/compute.googleapis.com x-goog-quota-user=projects/vibio-8391c
[debug] [2026-06-12T12:05:15.540Z] <<< [apiv2][status] GET https://serviceusage.googleapis.com/v1/projects/vibio-8391c/services/compute.googleapis.com 200
[debug] [2026-06-12T12:05:15.540Z] <<< [apiv2][body] GET https://serviceusage.googleapis.com/v1/projects/vibio-8391c/services/compute.googleapis.com [omitted]
[info] i  dataconnect: waiting for API compute.googleapis.com to activate... 
[debug] [2026-06-12T12:05:25.548Z] Checked if tokens are valid: true, expires at: 1781269383971
[debug] [2026-06-12T12:05:25.548Z] Checked if tokens are valid: true, expires at: 1781269383971
[debug] [2026-06-12T12:05:25.549Z] >>> [apiv2][query] GET https://serviceusage.googleapis.com/v1/projects/vibio-8391c/services/compute.googleapis.com [none]
[debug] [2026-06-12T12:05:25.549Z] >>> [apiv2][(partial)header] GET https://serviceusage.googleapis.com/v1/projects/vibio-8391c/services/compute.googleapis.com x-goog-quota-user=projects/vibio-8391c
[debug] [2026-06-12T12:05:28.030Z] <<< [apiv2][status] GET https://serviceusage.googleapis.com/v1/projects/vibio-8391c/services/compute.googleapis.com 200
[debug] [2026-06-12T12:05:28.030Z] <<< [apiv2][body] GET https://serviceusage.googleapis.com/v1/projects/vibio-8391c/services/compute.googleapis.com [omitted]
[info] +  dataconnect: required API compute.googleapis.com is enabled 
[debug] [2026-06-12T12:05:28.036Z] Checked if tokens are valid: true, expires at: 1781269383971
[debug] [2026-06-12T12:05:28.036Z] Checked if tokens are valid: true, expires at: 1781269383971
[debug] [2026-06-12T12:05:28.036Z] >>> [apiv2][query] GET https://firebasedataconnect.googleapis.com/v1/projects/vibio-8391c/locations/-/services [none]
[debug] [2026-06-12T12:05:30.252Z] <<< [apiv2][status] GET https://firebasedataconnect.googleapis.com/v1/projects/vibio-8391c/locations/-/services 200
[debug] [2026-06-12T12:05:30.253Z] <<< [apiv2][body] GET https://firebasedataconnect.googleapis.com/v1/projects/vibio-8391c/locations/-/services {}
[debug] [2026-06-12T12:10:23.506Z] Checked if tokens are valid: true, expires at: 1781269383971
[debug] [2026-06-12T12:10:23.506Z] Checked if tokens are valid: true, expires at: 1781269383971
[debug] [2026-06-12T12:10:23.507Z] >>> [apiv2][query] GET https://sqladmin.googleapis.com/v1/projects/vibio-8391c/instances [none]
[debug] [2026-06-12T12:10:24.835Z] <<< [apiv2][status] GET https://sqladmin.googleapis.com/v1/projects/vibio-8391c/instances 200
[debug] [2026-06-12T12:10:24.835Z] <<< [apiv2][body] GET https://sqladmin.googleapis.com/v1/projects/vibio-8391c/instances {}
